#
# There is insufficient memory for the Java Runtime Environment to continue.
# Native memory allocation (mmap) failed to map 132120576 bytes for G1 virtual space
# Possible reasons:
#   The system is out of physical RAM or swap space
#   The process is running with CompressedOops enabled, and the Java Heap may be blocking the growth of the native heap
# Possible solutions:
#   Reduce memory load on the system
#   Increase physical memory or swap space
#   Check if swap backing store is full
#   Decrease Java heap size (-Xmx/-Xms)
#   Decrease number of Java threads
#   Decrease Java thread stack sizes (-Xss)
#   Set larger code cache with -XX:ReservedCodeCacheSize=
#   JVM is running with Unscaled Compressed Oops mode in which the Java heap is
#     placed in the first 4GB address space. The Java Heap base address is the
#     maximum limit for the native heap growth. Please use -XX:HeapBaseMinAddress
#     to set the Java Heap base and to place the Java Heap above 4GB virtual address.
# This output file may be truncated or incomplete.
#
#  Out of Memory Error (os_windows.cpp:3528), pid=2172, tid=16952
#
# JRE version:  (20.0.2+9) (build )
# Java VM: Java HotSpot(TM) 64-Bit Server VM (20.0.2+9-78, mixed mode, sharing, tiered, compressed oops, compressed class ptrs, g1 gc, windows-amd64)
# No core dump will be written. Minidumps are not enabled by default on client versions of Windows
#

---------------  S U M M A R Y ------------

Command Line: -Dfile.encoding=UTF-8 -XX:+ShowCodeDetailsInExceptionMessages Console

Host: Intel(R) Core(TM) i3-7020U CPU @ 2.30GHz, 4 cores, 7G,  Windows 10 , 64 bit Build 19041 (10.0.19041.3393)
Time: Sun Oct  8 19:53:10 2023 Central Daylight Time elapsed time: 0.019855 seconds (0d 0h 0m 0s)

---------------  T H R E A D  ---------------

Current thread (0x000001368d619300):  JavaThread "Unknown thread" [_thread_in_vm, id=16952, stack(0x0000001766100000,0x0000001766200000)]

Stack: [0x0000001766100000,0x0000001766200000]
Native frames: (J=compiled Java code, j=interpreted, Vv=VM code, C=native code)
V  [jvm.dll+0x6bc25a]
V  [jvm.dll+0x84971a]
V  [jvm.dll+0x84b315]
V  [jvm.dll+0x84ba13]
V  [jvm.dll+0x280e4f]
V  [jvm.dll+0x6b8fe9]
V  [jvm.dll+0x6adbca]
V  [jvm.dll+0x35b165]
V  [jvm.dll+0x363386]
V  [jvm.dll+0x3b400e]
V  [jvm.dll+0x3b4295]
V  [jvm.dll+0x32b86a]
V  [jvm.dll+0x32c68b]
V  [jvm.dll+0x8123df]
V  [jvm.dll+0x3c1261]
V  [jvm.dll+0x7fe103]
V  [jvm.dll+0x44ccaf]
V  [jvm.dll+0x44e621]
C  [jli.dll+0x5287]
C  [ucrtbase.dll+0x21bb2]
C  [KERNEL32.DLL+0x17344]
C  [ntdll.dll+0x526b1]


---------------  P R O C E S S  ---------------

Threads class SMR info:
_java_thread_list=0x00007ffbcfbab118, length=0, elements={
}

Java Threads: ( => current thread )

Other Threads:
  0x000001368d67b140 WorkerThread "GC Thread#0" [stack: 0x0000001766200000,0x0000001766300000] [id=10572]
  0x000001368d68e3c0 ConcurrentGCThread "G1 Main Marker" [stack: 0x0000001766300000,0x0000001766400000] [id=2836]
  0x000001368d68ed00 WorkerThread "G1 Conc#0" [stack: 0x0000001766400000,0x0000001766500000] [id=15364]

[error occurred during error reporting (printing all threads), id 0xc0000005, EXCEPTION_ACCESS_VIOLATION (0xc0000005) at pc=0x00007ffbcf38eea7]
VM state: not at safepoint (not fully initialized)

VM Mutex/Monitor currently owned by a thread:  ([mutex/lock_event])
[0x000001368d615fe0] Heap_lock - owner thread: 0x000001368d619300

Heap address: 0x0000000082800000, size: 2008 MB, Compressed Oops mode: 32-bit

CDS archive(s) mapped at: [0x0000000000000000-0x0000000000000000-0x0000000000000000), size 0, SharedBaseAddress: 0x0000000800000000, ArchiveRelocationMode: 1.
Narrow klass base: 0x0000000000000000, Narrow klass shift: 0, Narrow klass range: 0x0

GC Precious Log:
 CardTable entry size: 512
 Card Set container configuration: InlinePtr #cards 5 size 8 Array Of Cards #cards 12 size 40 Howl #buckets 4 coarsen threshold 1843 Howl Bitmap #cards 512 size 80 coarsen threshold 460 Card regions per heap region 1 cards per card region 2048

Heap:
 garbage-first heap   total 0K, used 0K [0x0000000082800000, 0x0000000100000000)
  region size 1024K, 0 young (0K), 0 survivors (0K)

[error occurred during error reporting (printing heap information), id 0xc0000005, EXCEPTION_ACCESS_VIOLATION (0xc0000005) at pc=0x00007ffbcf7647b9]
GC Heap History (0 events):
No events

Dll operation events (1 events):
Event: 0.013 Loaded shared library C:\Program Files\Java\jdk-20\bin\java.dll

Deoptimization events (0 events):
No events

Classes loaded (0 events):
No events

Classes unloaded (0 events):
No events

Classes redefined (0 events):
No events

Internal exceptions (0 events):
No events

VM Operations (0 events):
No events

Events (0 events):
No events


Dynamic libraries:
0x00007ff74f880000 - 0x00007ff74f890000 	C:\Program Files\Java\jdk-20\bin\javaw.exe
0x00007ffc49190000 - 0x00007ffc49388000 	C:\WINDOWS\SYSTEM32\ntdll.dll
0x00007ffc48b30000 - 0x00007ffc48bed000 	C:\WINDOWS\System32\KERNEL32.DLL
0x00007ffc46c80000 - 0x00007ffc46f76000 	C:\WINDOWS\System32\KERNELBASE.dll
0x00007ffc46ae0000 - 0x00007ffc46be0000 	C:\WINDOWS\System32\ucrtbase.dll
0x00007ffc3f870000 - 0x00007ffc3f889000 	C:\Program Files\Java\jdk-20\bin\jli.dll
0x00007ffc487d0000 - 0x00007ffc4887e000 	C:\WINDOWS\System32\ADVAPI32.dll
0x00007ffc488e0000 - 0x00007ffc4897e000 	C:\WINDOWS\System32\msvcrt.dll
0x00007ffc48d40000 - 0x00007ffc48ddc000 	C:\WINDOWS\System32\sechost.dll
0x00007ffc48f10000 - 0x00007ffc49036000 	C:\WINDOWS\System32\RPCRT4.dll
0x00007ffc3c300000 - 0x00007ffc3c31b000 	C:\Program Files\Java\jdk-20\bin\VCRUNTIME140.dll
0x00007ffc47740000 - 0x00007ffc478de000 	C:\WINDOWS\System32\USER32.dll
0x00007ffc46f80000 - 0x00007ffc46fa2000 	C:\WINDOWS\System32\win32u.dll
0x00007ffc49040000 - 0x00007ffc4906c000 	C:\WINDOWS\System32\GDI32.dll
0x00007ffc46870000 - 0x00007ffc4698a000 	C:\WINDOWS\System32\gdi32full.dll
0x00007ffc46be0000 - 0x00007ffc46c7d000 	C:\WINDOWS\System32\msvcp_win.dll
0x00007ffc45bf0000 - 0x00007ffc45e8a000 	C:\WINDOWS\WinSxS\amd64_microsoft.windows.common-controls_6595b64144ccf1df_6.0.19041.1110_none_60b5254171f9507e\COMCTL32.dll
0x00007ffc33de0000 - 0x00007ffc33dea000 	C:\WINDOWS\SYSTEM32\VERSION.dll
0x00007ffc48d10000 - 0x00007ffc48d40000 	C:\WINDOWS\System32\IMM32.DLL
0x00007ffc44650000 - 0x00007ffc4465c000 	C:\Program Files\Java\jdk-20\bin\vcruntime140_1.dll
0x00007ffc2d860000 - 0x00007ffc2d8ee000 	C:\Program Files\Java\jdk-20\bin\msvcp140.dll
0x00007ffbcf050000 - 0x00007ffbcfce8000 	C:\Program Files\Java\jdk-20\bin\server\jvm.dll
0x00007ffc44690000 - 0x00007ffc44699000 	C:\WINDOWS\SYSTEM32\WSOCK32.dll
0x00007ffc47f20000 - 0x00007ffc47f8b000 	C:\WINDOWS\System32\WS2_32.dll
0x00007ffc26e20000 - 0x00007ffc26e47000 	C:\WINDOWS\SYSTEM32\WINMM.dll
0x00007ffc44a20000 - 0x00007ffc44a32000 	C:\WINDOWS\SYSTEM32\kernel.appcore.dll
0x00007ffc3c2f0000 - 0x00007ffc3c2fa000 	C:\Program Files\Java\jdk-20\bin\jimage.dll
0x00007ffc46180000 - 0x00007ffc46364000 	C:\WINDOWS\SYSTEM32\DBGHELP.DLL
0x00007ffc46140000 - 0x00007ffc46174000 	C:\WINDOWS\SYSTEM32\dbgcore.DLL
0x00007ffc47000000 - 0x00007ffc47082000 	C:\WINDOWS\System32\bcryptPrimitives.dll
0x00007ffc3aaa0000 - 0x00007ffc3aac6000 	C:\Program Files\Java\jdk-20\bin\java.dll

dbghelp: loaded successfully - version: 4.0.5 - missing functions: none
symbol engine: initialized successfully - sym options: 0x614 - pdb path: .;C:\Program Files\Java\jdk-20\bin;C:\WINDOWS\SYSTEM32;C:\WINDOWS\WinSxS\amd64_microsoft.windows.common-controls_6595b64144ccf1df_6.0.19041.1110_none_60b5254171f9507e;C:\Program Files\Java\jdk-20\bin\server

VM Arguments:
jvm_args: -Dfile.encoding=UTF-8 -XX:+ShowCodeDetailsInExceptionMessages 
java_command: Console
java_class_path (initial): C:\Users\nour\eclipse-workspace\unitTesting\Sprint2\bin;C:\Users\nour\.p2\pool\plugins\junit-jupiter-api_5.9.3.jar;C:\Users\nour\.p2\pool\plugins\junit-jupiter-engine_5.9.3.jar;C:\Users\nour\.p2\pool\plugins\junit-jupiter-migrationsupport_5.9.3.jar;C:\Users\nour\.p2\pool\plugins\junit-jupiter-params_5.9.3.jar;C:\Users\nour\.p2\pool\plugins\junit-platform-commons_1.9.3.jar;C:\Users\nour\.p2\pool\plugins\junit-platform-engine_1.9.3.jar;C:\Users\nour\.p2\pool\plugins\junit-platform-launcher_1.9.3.jar;C:\Users\nour\.p2\pool\plugins\junit-platform-runner_1.9.3.jar;C:\Users\nour\.p2\pool\plugins\junit-platform-suite-api_1.9.3.jar;C:\Users\nour\.p2\pool\plugins\junit-platform-suite-engine_1.9.3.jar;C:\Users\nour\.p2\pool\plugins\junit-platform-suite-commons_1.9.3.jar;C:\Users\nour\.p2\pool\plugins\junit-vintage-engine_5.9.3.jar;C:\Users\nour\.p2\pool\plugins\org.opentest4j_1.2.0.jar;C:\Users\nour\.p2\pool\plugins\org.apiguardian.api_1.1.2.jar;C:\Users\nour\.p2\pool\plugins\org.junit_4.13.2.v20211018-1956.jar;C:\Users\nour\.p2\pool\plugins\org.hamcrest.core_1.3.0.v20180420-1519.jar
Launcher Type: SUN_STANDARD

[Global flags]
     intx CICompilerCount                          = 3                                         {product} {ergonomic}
     uint ConcGCThreads                            = 1                                         {product} {ergonomic}
     uint G1ConcRefinementThreads                  = 4                                         {product} {ergonomic}
   size_t G1HeapRegionSize                         = 1048576                                   {product} {ergonomic}
    uintx GCDrainStackTargetSize                   = 64                                        {product} {ergonomic}
   size_t InitialHeapSize                          = 132120576                                 {product} {ergonomic}
   size_t MarkStackSize                            = 4194304                                   {product} {ergonomic}
   size_t MaxHeapSize                              = 2105540608                                {product} {ergonomic}
   size_t MinHeapDeltaBytes                        = 1048576                                   {product} {ergonomic}
   size_t MinHeapSize                              = 8388608                                   {product} {ergonomic}
    uintx NonNMethodCodeHeapSize                   = 5832780                                {pd product} {ergonomic}
    uintx NonProfiledCodeHeapSize                  = 122912730                              {pd product} {ergonomic}
    uintx ProfiledCodeHeapSize                     = 122912730                              {pd product} {ergonomic}
    uintx ReservedCodeCacheSize                    = 251658240                              {pd product} {ergonomic}
     bool SegmentedCodeCache                       = true                                      {product} {ergonomic}
     bool ShowCodeDetailsInExceptionMessages       = true                                   {manageable} {command line}
   size_t SoftMaxHeapSize                          = 2105540608                             {manageable} {ergonomic}
     bool UseCompressedClassPointers               = true                           {product lp64_product} {ergonomic}
     bool UseCompressedOops                        = true                           {product lp64_product} {ergonomic}
     bool UseG1GC                                  = true                                      {product} {ergonomic}
     bool UseLargePagesIndividualAllocation        = false                                  {pd product} {ergonomic}

Logging:
Log output configuration:
 #0: stdout all=warning uptime,level,tags foldmultilines=false
 #1: stderr all=off uptime,level,tags foldmultilines=false

Environment Variables:
PATH=C:/Users/nour/.p2/pool/plugins/org.eclipse.justj.openjdk.hotspot.jre.full.win32.x86_64_17.0.8.v20230801-1951/jre/bin/server;C:/Users/nour/.p2/pool/plugins/org.eclipse.justj.openjdk.hotspot.jre.full.win32.x86_64_17.0.8.v20230801-1951/jre/bin;C:\Program Files\Common Files\Oracle\Java\javapath;C:\Program Files\Microsoft\jdk-11.0.12.7-hotspot\bin;C:\WINDOWS\system32;C:\WINDOWS;C:\WINDOWS\System32\Wbem;C:\WINDOWS\System32\WindowsPowerShell\v1.0\;C:\WINDOWS\System32\OpenSSH\;C:\Program Files\Git\cmd;C:\Program Files\dotnet\;C:\Program Files (x86)\Common Files\Oracle\Java\javapath;C:\WINDOWS\system32;C:\WINDOWS;C:\WINDOWS\System32\Wbem;C:\WINDOWS\System32\WindowsPowerShell\v1.0\;C:\WINDOWS\System32\OpenSSH\;C:\Users\nour\AppData\Local\Microsoft\WindowsApps;c:\FullProf_Suite;C:\Users\nour\AppData\Local\GitHubDesktop\bin;C:\Users\nour\.dotnet\tools;C:\Users\nour\Desktop;
USERNAME=nour
OS=Windows_NT
PROCESSOR_IDENTIFIER=Intel64 Family 6 Model 142 Stepping 9, GenuineIntel
TMP=C:\Users\nour\AppData\Local\Temp
TEMP=C:\Users\nour\AppData\Local\Temp




---------------  S Y S T E M  ---------------

OS:
 Windows 10 , 64 bit Build 19041 (10.0.19041.3393)
OS uptime: 0 days 23:01 hours

CPU: total 4 (initial active 4) (2 cores per cpu, 2 threads per core) family 6 model 142 stepping 9 microcode 0xca, cx8, cmov, fxsr, ht, mmx, 3dnowpref, sse, sse2, sse3, ssse3, sse4.1, sse4.2, popcnt, lzcnt, tsc, tscinvbit, avx, avx2, aes, erms, clmul, bmi1, bmi2, adx, fma, vzeroupper, clflush, clflushopt, rdtscp, f16c

Memory: 4k page, system-wide physical 8030M (993M free)
TotalPageFile size 19545M (AvailPageFile size 60M)
current process WorkingSet (physical memory assigned to process): 10M, peak: 10M
current process commit charge ("private bytes"): 51M, peak: 177M

vm_info: Java HotSpot(TM) 64-Bit Server VM (20.0.2+9-78) for windows-amd64 JRE (20.0.2+9-78), built on 2023-06-14T10:08:48Z by "mach5one" with MS VC++ 17.1 (VS2022)

END.
